[0710/021938.187:ERROR:process_memory_win.cc(73)] ReadMemory at 0x7ff6c8670000 of 64 bytes failed: Only part of a ReadProcessMemory or WriteProcessMemory request was completed. (0x12B)
[0710/021938.285:WARNING:pe_image_reader.cc(340)] could not read dos header from C:\Program Files (x86)\Google\Chrome\Application\chrome.exe
[0710/021938.285:ERROR:process_memory_win.cc(73)] ReadMemory at 0x7ffc3ea20000 of 64 bytes failed: Only part of a ReadProcessMemory or WriteProcessMemory request was completed. (0x12B)
[0710/021938.285:WARNING:pe_image_reader.cc(340)] could not read dos header from C:\WINDOWS\SYSTEM32\ntdll.dll
[0710/021938.285:ERROR:process_memory_win.cc(73)] ReadMemory at 0x7ffc3dac0000 of 64 bytes failed: Only part of a ReadProcessMemory or WriteProcessMemory request was completed. (0x12B)
[0710/021938.286:WARNING:pe_image_reader.cc(340)] could not read dos header from C:\WINDOWS\System32\KERNEL32.DLL
[0710/021938.286:ERROR:process_memory_win.cc(73)] ReadMemory at 0x7ffc3c720000 of 64 bytes failed: Only part of a ReadProcessMemory or WriteProcessMemory request was completed. (0x12B)
[0710/021938.286:WARNING:pe_image_reader.cc(340)] could not read dos header from C:\WINDOWS\System32\KERNELBASE.dll
[0710/021938.286:ERROR:process_memory_win.cc(73)] ReadMemory at 0x7ffc131a0000 of 64 bytes failed: Only part of a ReadProcessMemory or WriteProcessMemory request was completed. (0x12B)
[0710/021938.286:WARNING:pe_image_reader.cc(340)] could not read dos header from C:\Program Files (x86)\Google\Chrome\Application\83.0.4103.116\chrome_elf.dll
[0710/021938.286:ERROR:process_memory_win.cc(73)] ReadMemory at 0x7ffc352a0000 of 64 bytes failed: Only part of a ReadProcessMemory or WriteProcessMemory request was completed. (0x12B)
[0710/021938.286:WARNING:pe_image_reader.cc(340)] could not read dos header from C:\WINDOWS\SYSTEM32\VERSION.dll
[0710/021938.287:ERROR:process_memory_win.cc(73)] ReadMemory at 0x7ffc3e280000 of 64 bytes failed: Only part of a ReadProcessMemory or WriteProcessMemory request was completed. (0x12B)
[0710/021938.287:WARNING:pe_image_reader.cc(340)] could not read dos header from C:\WINDOWS\System32\msvcrt.dll
[0710/021938.287:ERROR:process_memory_win.cc(73)] ReadMemory at 0x7ffc3bb00000 of 64 bytes failed: Only part of a ReadProcessMemory or WriteProcessMemory request was completed. (0x12B)
[0710/021938.287:WARNING:pe_image_reader.cc(340)] could not read dos header from C:\WINDOWS\System32\bcryptPrimitives.dll
[0710/021938.287:ERROR:process_memory_win.cc(73)] ReadMemory at 0x7ffc3e380000 of 64 bytes failed: Only part of a ReadProcessMemory or WriteProcessMemory request was completed. (0x12B)
[0710/021938.287:WARNING:pe_image_reader.cc(340)] could not read dos header from C:\WINDOWS\System32\ADVAPI32.dll
[0710/021938.287:ERROR:process_memory_win.cc(73)] ReadMemory at 0x7ffc3dd30000 of 64 bytes failed: Only part of a ReadProcessMemory or WriteProcessMemory request was completed. (0x12B)
[0710/021938.287:WARNING:pe_image_reader.cc(340)] could not read dos header from C:\WINDOWS\System32\sechost.dll
[0710/021938.287:ERROR:process_memory_win.cc(73)] ReadMemory at 0x7ffc3dfb0000 of 64 bytes failed: Only part of a ReadProcessMemory or WriteProcessMemory request was completed. (0x12B)
[0710/021938.287:WARNING:pe_image_reader.cc(340)] could not read dos header from C:\WINDOWS\System32\RPCRT4.dll
[0710/021938.287:ERROR:process_memory_win.cc(73)] ReadMemory at 0x7ffbb1780000 of 64 bytes failed: Only part of a ReadProcessMemory or WriteProcessMemory request was completed. (0x12B)
[0710/021938.287:WARNING:pe_image_reader.cc(340)] could not read dos header from C:\Program Files (x86)\Google\Chrome\Application\83.0.4103.116\chrome.dll
[0710/021938.287:ERROR:process_memory_win.cc(73)] ReadMemory at 0x7ffc3dcc0000 of 64 bytes failed: Only part of a ReadProcessMemory or WriteProcessMemory request was completed. (0x12B)
[0710/021938.287:WARNING:pe_image_reader.cc(340)] could not read dos header from C:\WINDOWS\System32\WS2_32.dll
[0710/021938.287:ERROR:process_memory_win.cc(73)] ReadMemory at 0x7ffc3cce0000 of 64 bytes failed: Only part of a ReadProcessMemory or WriteProcessMemory request was completed. (0x12B)
[0710/021938.287:WARNING:pe_image_reader.cc(340)] could not read dos header from C:\WINDOWS\System32\OLEAUT32.dll
[0710/021938.287:ERROR:process_memory_win.cc(73)] ReadMemory at 0x7ffc3c650000 of 64 bytes failed: Only part of a ReadProcessMemory or WriteProcessMemory request was completed. (0x12B)
[0710/021938.287:WARNING:pe_image_reader.cc(340)] could not read dos header from C:\WINDOWS\System32\msvcp_win.dll
[0710/021938.287:ERROR:process_memory_win.cc(73)] ReadMemory at 0x7ffc3c4a0000 of 64 bytes failed: Only part of a ReadProcessMemory or WriteProcessMemory request was completed. (0x12B)
[0710/021938.287:WARNING:pe_image_reader.cc(340)] could not read dos header from C:\WINDOWS\System32\ucrtbase.dll
[0710/021938.287:ERROR:process_memory_win.cc(73)] ReadMemory at 0x7ffc3d780000 of 64 bytes failed: Only part of a ReadProcessMemory or WriteProcessMemory request was completed. (0x12B)
[0710/021938.287:WARNING:pe_image_reader.cc(340)] could not read dos header from C:\WINDOWS\System32\combase.dll
[0710/021938.287:ERROR:process_memory_win.cc(73)] ReadMemory at 0x7ffc3ca20000 of 64 bytes failed: Only part of a ReadProcessMemory or WriteProcessMemory request was completed. (0x12B)
[0710/021938.287:WARNING:pe_image_reader.cc(340)] could not read dos header from C:\WINDOWS\System32\WINTRUST.dll
[0710/021938.287:ERROR:process_memory_win.cc(73)] ReadMemory at 0x7ffc3b940000 of 64 bytes failed: Only part of a ReadProcessMemory or WriteProcessMemory request was completed. (0x12B)
[0710/021938.287:WARNING:pe_image_reader.cc(340)] could not read dos header from C:\WINDOWS\System32\MSASN1.dll
[0710/021938.287:ERROR:process_memory_win.cc(73)] ReadMemory at 0x7ffc3b9b0000 of 64 bytes failed: Only part of a ReadProcessMemory or WriteProcessMemory request was completed. (0x12B)
[0710/021938.287:WARNING:pe_image_reader.cc(340)] could not read dos header from C:\WINDOWS\System32\CRYPT32.dll
[0710/021938.287:ERROR:process_memory_win.cc(73)] ReadMemory at 0x7ffc3ae60000 of 64 bytes failed: Only part of a ReadProcessMemory or WriteProcessMemory request was completed. (0x12B)
[0710/021938.287:WARNING:pe_image_reader.cc(340)] could not read dos header from C:\WINDOWS\SYSTEM32\IPHLPAPI.DLL
[0710/021938.287:ERROR:process_memory_win.cc(73)] ReadMemory at 0x7ffc2ec10000 of 64 bytes failed: Only part of a ReadProcessMemory or WriteProcessMemory request was completed. (0x12B)
[0710/021938.287:WARNING:pe_image_reader.cc(340)] could not read dos header from C:\WINDOWS\SYSTEM32\WINMM.dll
[0710/021938.287:ERROR:process_memory_win.cc(73)] ReadMemory at 0x7ffc2f5c0000 of 64 bytes failed: Only part of a ReadProcessMemory or WriteProcessMemory request was completed. (0x12B)
[0710/021938.287:WARNING:pe_image_reader.cc(340)] could not read dos header from C:\WINDOWS\SYSTEM32\Secur32.dll
[0710/021938.287:ERROR:process_memory_win.cc(73)] ReadMemory at 0x7ffc3b800000 of 64 bytes failed: Only part of a ReadProcessMemory or WriteProcessMemory request was completed. (0x12B)
[0710/021938.287:WARNING:pe_image_reader.cc(340)] could not read dos header from C:\WINDOWS\SYSTEM32\USERENV.dll
[0710/021938.287:ERROR:process_memory_win.cc(73)] ReadMemory at 0x7ffc3b960000 of 64 bytes failed: Only part of a ReadProcessMemory or WriteProcessMemory request was completed. (0x12B)
[0710/021938.287:WARNING:pe_image_reader.cc(340)] could not read dos header from C:\WINDOWS\System32\profapi.dll
[0710/021938.287:ERROR:process_memory_win.cc(73)] ReadMemory at 0x7ffc10270000 of 64 bytes failed: Only part of a ReadProcessMemory or WriteProcessMemory request was completed. (0x12B)
[0710/021938.287:WARNING:pe_image_reader.cc(340)] could not read dos header from C:\WINDOWS\SYSTEM32\UIAutomationCore.DLL
[0710/021938.287:ERROR:process_memory_win.cc(73)] ReadMemory at 0x7ffc1d740000 of 64 bytes failed: Only part of a ReadProcessMemory or WriteProcessMemory request was completed. (0x12B)
[0710/021938.287:WARNING:pe_image_reader.cc(340)] could not read dos header from C:\WINDOWS\SYSTEM32\DWrite.dll
[0710/021938.287:ERROR:process_memory_win.cc(73)] ReadMemory at 0x7ffc2ecb0000 of 64 bytes failed: Only part of a ReadProcessMemory or WriteProcessMemory request was completed. (0x12B)
[0710/021938.287:WARNING:pe_image_reader.cc(340)] could not read dos header from C:\WINDOWS\SYSTEM32\WINSPOOL.DRV
[0710/021938.287:ERROR:process_memory_win.cc(73)] ReadMemory at 0x7ffc3b990000 of 64 bytes failed: Only part of a ReadProcessMemory or WriteProcessMemory request was completed. (0x12B)
[0710/021938.287:WARNING:pe_image_reader.cc(340)] could not read dos header from C:\WINDOWS\System32\kernel.appcore.dll
[0710/021938.287:ERROR:process_memory_win.cc(73)] ReadMemory at 0x7ffc3c9f0000 of 64 bytes failed: Only part of a ReadProcessMemory or WriteProcessMemory request was completed. (0x12B)
[0710/021938.287:WARNING:pe_image_reader.cc(340)] could not read dos header from C:\WINDOWS\System32\bcrypt.dll
[0710/021938.287:ERROR:process_memory_win.cc(73)] ReadMemory at 0x7ffc3a220000 of 64 bytes failed: Only part of a ReadProcessMemory or WriteProcessMemory request was completed. (0x12B)
[0710/021938.287:WARNING:pe_image_reader.cc(340)] could not read dos header from C:\WINDOWS\SYSTEM32\dbghelp.dll
[0710/021938.287:ERROR:process_memory_win.cc(73)] ReadMemory at 0x7ffc35c20000 of 64 bytes failed: Only part of a ReadProcessMemory or WriteProcessMemory request was completed. (0x12B)
[0710/021938.288:WARNING:pe_image_reader.cc(340)] could not read dos header from C:\WINDOWS\SYSTEM32\WINHTTP.dll
[0710/021938.288:ERROR:process_memory_win.cc(73)] ReadMemory at 0x7ffc340d0000 of 64 bytes failed: Only part of a ReadProcessMemory or WriteProcessMemory request was completed. (0x12B)
[0710/021938.288:WARNING:pe_image_reader.cc(340)] could not read dos header from C:\WINDOWS\SYSTEM32\dhcpcsvc.DLL
[0710/021938.288:ERROR:process_memory_win.cc(73)] ReadMemory at 0x7ffc3d760000 of 64 bytes failed: Only part of a ReadProcessMemory or WriteProcessMemory request was completed. (0x12B)
[0710/021938.288:WARNING:pe_image_reader.cc(340)] could not read dos header from C:\WINDOWS\System32\NSI.dll
[0710/021938.288:ERROR:process_memory_win.cc(73)] ReadMemory at 0x7ffc2ea30000 of 64 bytes failed: Only part of a ReadProcessMemory or WriteProcessMemory request was completed. (0x12B)
[0710/021938.288:WARNING:pe_image_reader.cc(340)] could not read dos header from C:\WINDOWS\SYSTEM32\WINMMBASE.dll
[0710/021938.288:ERROR:process_memory_win.cc(73)] ReadMemory at 0x7ffc3ca80000 of 64 bytes failed: Only part of a ReadProcessMemory or WriteProcessMemory request was completed. (0x12B)
[0710/021938.288:WARNING:pe_image_reader.cc(340)] could not read dos header from C:\WINDOWS\System32\cfgmgr32.dll
[0710/021938.288:ERROR:process_memory_win.cc(73)] ReadMemory at 0x7ffc39fe0000 of 64 bytes failed: Only part of a ReadProcessMemory or WriteProcessMemory request was completed. (0x12B)
[0710/021938.288:WARNING:pe_image_reader.cc(340)] could not read dos header from C:\WINDOWS\SYSTEM32\PROPSYS.dll
[0710/021938.288:ERROR:process_memory_win.cc(73)] ReadMemory at 0x7ffc3ce20000 of 64 bytes failed: Only part of a ReadProcessMemory or WriteProcessMemory request was completed. (0x12B)
[0710/021938.288:WARNING:pe_image_reader.cc(340)] could not read dos header from C:\WINDOWS\System32\shcore.dll
[0710/021938.288:ERROR:process_memory_win.cc(73)] ReadMemory at 0x7ffc3b7d0000 of 64 bytes failed: Only part of a ReadProcessMemory or WriteProcessMemory request was completed. (0x12B)
[0710/021938.288:WARNING:pe_image_reader.cc(340)] could not read dos header from C:\WINDOWS\SYSTEM32\SSPICLI.DLL
[0710/021938.288:ERROR:process_memory_win.cc(73)] ReadMemory at 0x7ffc3b320000 of 64 bytes failed: Only part of a ReadProcessMemory or WriteProcessMemory request was completed. (0x12B)
[0710/021938.288:WARNING:pe_image_reader.cc(340)] could not read dos header from C:\WINDOWS\SYSTEM32\CRYPTBASE.DLL
[0710/021938.302:ERROR:process_memory_win.cc(73)] ReadMemory at 0x7ff6c8670000 of 64 bytes failed: Only part of a ReadProcessMemory or WriteProcessMemory request was completed. (0x12B)
[0710/021938.302:WARNING:pe_image_reader.cc(340)] could not read dos header from C:\Program Files (x86)\Google\Chrome\Application\chrome.exe
[0710/021938.302:ERROR:process_memory_win.cc(73)] ReadMemory at 0x7ffc3ea20000 of 64 bytes failed: Only part of a ReadProcessMemory or WriteProcessMemory request was completed. (0x12B)
[0710/021938.302:WARNING:pe_image_reader.cc(340)] could not read dos header from C:\WINDOWS\SYSTEM32\ntdll.dll
[0710/021938.302:ERROR:process_memory_win.cc(73)] ReadMemory at 0x7ffc3dac0000 of 64 bytes failed: Only part of a ReadProcessMemory or WriteProcessMemory request was completed. (0x12B)
[0710/021938.302:WARNING:pe_image_reader.cc(340)] could not read dos header from C:\WINDOWS\System32\KERNEL32.DLL
[0710/021938.302:ERROR:process_memory_win.cc(73)] ReadMemory at 0x7ffc3c720000 of 64 bytes failed: Only part of a ReadProcessMemory or WriteProcessMemory request was completed. (0x12B)
[0710/021938.302:WARNING:pe_image_reader.cc(340)] could not read dos header from C:\WINDOWS\System32\KERNELBASE.dll
[0710/021938.302:ERROR:process_memory_win.cc(73)] ReadMemory at 0x7ffc131a0000 of 64 bytes failed: Only part of a ReadProcessMemory or WriteProcessMemory request was completed. (0x12B)
[0710/021938.302:WARNING:pe_image_reader.cc(340)] could not read dos header from C:\Program Files (x86)\Google\Chrome\Application\83.0.4103.116\chrome_elf.dll
[0710/021938.302:ERROR:process_memory_win.cc(73)] ReadMemory at 0x7ffc352a0000 of 64 bytes failed: Only part of a ReadProcessMemory or WriteProcessMemory request was completed. (0x12B)
[0710/021938.302:WARNING:pe_image_reader.cc(340)] could not read dos header from C:\WINDOWS\SYSTEM32\VERSION.dll
[0710/021938.302:ERROR:process_memory_win.cc(73)] ReadMemory at 0x7ffc3e280000 of 64 bytes failed: Only part of a ReadProcessMemory or WriteProcessMemory request was completed. (0x12B)
[0710/021938.302:WARNING:pe_image_reader.cc(340)] could not read dos header from C:\WINDOWS\System32\msvcrt.dll
[0710/021938.302:ERROR:process_memory_win.cc(73)] ReadMemory at 0x7ffc3bb00000 of 64 bytes failed: Only part of a ReadProcessMemory or WriteProcessMemory request was completed. (0x12B)
[0710/021938.302:WARNING:pe_image_reader.cc(340)] could not read dos header from C:\WINDOWS\System32\bcryptPrimitives.dll
[0710/021938.302:ERROR:process_memory_win.cc(73)] ReadMemory at 0x7ffc3e380000 of 64 bytes failed: Only part of a ReadProcessMemory or WriteProcessMemory request was completed. (0x12B)
[0710/021938.302:WARNING:pe_image_reader.cc(340)] could not read dos header from C:\WINDOWS\System32\ADVAPI32.dll
[0710/021938.302:ERROR:process_memory_win.cc(73)] ReadMemory at 0x7ffc3dd30000 of 64 bytes failed: Only part of a ReadProcessMemory or WriteProcessMemory request was completed. (0x12B)
[0710/021938.302:WARNING:pe_image_reader.cc(340)] could not read dos header from C:\WINDOWS\System32\sechost.dll
[0710/021938.302:ERROR:process_memory_win.cc(73)] ReadMemory at 0x7ffc3dfb0000 of 64 bytes failed: Only part of a ReadProcessMemory or WriteProcessMemory request was completed. (0x12B)
[0710/021938.302:WARNING:pe_image_reader.cc(340)] could not read dos header from C:\WINDOWS\System32\RPCRT4.dll
[0710/021938.302:ERROR:process_memory_win.cc(73)] ReadMemory at 0x7ffbb1780000 of 64 bytes failed: Only part of a ReadProcessMemory or WriteProcessMemory request was completed. (0x12B)
[0710/021938.302:WARNING:pe_image_reader.cc(340)] could not read dos header from C:\Program Files (x86)\Google\Chrome\Application\83.0.4103.116\chrome.dll
[0710/021938.302:ERROR:process_memory_win.cc(73)] ReadMemory at 0x7ffc3dcc0000 of 64 bytes failed: Only part of a ReadProcessMemory or WriteProcessMemory request was completed. (0x12B)
[0710/021938.302:WARNING:pe_image_reader.cc(340)] could not read dos header from C:\WINDOWS\System32\WS2_32.dll
[0710/021938.302:ERROR:process_memory_win.cc(73)] ReadMemory at 0x7ffc3cce0000 of 64 bytes failed: Only part of a ReadProcessMemory or WriteProcessMemory request was completed. (0x12B)
[0710/021938.302:WARNING:pe_image_reader.cc(340)] could not read dos header from C:\WINDOWS\System32\OLEAUT32.dll
[0710/021938.302:ERROR:process_memory_win.cc(73)] ReadMemory at 0x7ffc3c650000 of 64 bytes failed: Only part of a ReadProcessMemory or WriteProcessMemory request was completed. (0x12B)
[0710/021938.302:WARNING:pe_image_reader.cc(340)] could not read dos header from C:\WINDOWS\System32\msvcp_win.dll
[0710/021938.302:ERROR:process_memory_win.cc(73)] ReadMemory at 0x7ffc3c4a0000 of 64 bytes failed: Only part of a ReadProcessMemory or WriteProcessMemory request was completed. (0x12B)
[0710/021938.302:WARNING:pe_image_reader.cc(340)] could not read dos header from C:\WINDOWS\System32\ucrtbase.dll
[0710/021938.303:ERROR:process_memory_win.cc(73)] ReadMemory at 0x7ffc3d780000 of 64 bytes failed: Only part of a ReadProcessMemory or WriteProcessMemory request was completed. (0x12B)
[0710/021938.303:WARNING:pe_image_reader.cc(340)] could not read dos header from C:\WINDOWS\System32\combase.dll
[0710/021938.303:ERROR:process_memory_win.cc(73)] ReadMemory at 0x7ffc3ca20000 of 64 bytes failed: Only part of a ReadProcessMemory or WriteProcessMemory request was completed. (0x12B)
[0710/021938.303:WARNING:pe_image_reader.cc(340)] could not read dos header from C:\WINDOWS\System32\WINTRUST.dll
[0710/021938.303:ERROR:process_memory_win.cc(73)] ReadMemory at 0x7ffc3b940000 of 64 bytes failed: Only part of a ReadProcessMemory or WriteProcessMemory request was completed. (0x12B)
[0710/021938.303:WARNING:pe_image_reader.cc(340)] could not read dos header from C:\WINDOWS\System32\MSASN1.dll
[0710/021938.303:ERROR:process_memory_win.cc(73)] ReadMemory at 0x7ffc3b9b0000 of 64 bytes failed: Only part of a ReadProcessMemory or WriteProcessMemory request was completed. (0x12B)
[0710/021938.303:WARNING:pe_image_reader.cc(340)] could not read dos header from C:\WINDOWS\System32\CRYPT32.dll
[0710/021938.303:ERROR:process_memory_win.cc(73)] ReadMemory at 0x7ffc3ae60000 of 64 bytes failed: Only part of a ReadProcessMemory or WriteProcessMemory request was completed. (0x12B)
[0710/021938.303:WARNING:pe_image_reader.cc(340)] could not read dos header from C:\WINDOWS\SYSTEM32\IPHLPAPI.DLL
[0710/021938.303:ERROR:process_memory_win.cc(73)] ReadMemory at 0x7ffc2ec10000 of 64 bytes failed: Only part of a ReadProcessMemory or WriteProcessMemory request was completed. (0x12B)
[0710/021938.303:WARNING:pe_image_reader.cc(340)] could not read dos header from C:\WINDOWS\SYSTEM32\WINMM.dll
[0710/021938.303:ERROR:process_memory_win.cc(73)] ReadMemory at 0x7ffc2f5c0000 of 64 bytes failed: Only part of a ReadProcessMemory or WriteProcessMemory request was completed. (0x12B)
[0710/021938.303:WARNING:pe_image_reader.cc(340)] could not read dos header from C:\WINDOWS\SYSTEM32\Secur32.dll
[0710/021938.303:ERROR:process_memory_win.cc(73)] ReadMemory at 0x7ffc3b800000 of 64 bytes failed: Only part of a ReadProcessMemory or WriteProcessMemory request was completed. (0x12B)
[0710/021938.303:WARNING:pe_image_reader.cc(340)] could not read dos header from C:\WINDOWS\SYSTEM32\USERENV.dll
[0710/021938.303:ERROR:process_memory_win.cc(73)] ReadMemory at 0x7ffc3b960000 of 64 bytes failed: Only part of a ReadProcessMemory or WriteProcessMemory request was completed. (0x12B)
[0710/021938.303:WARNING:pe_image_reader.cc(340)] could not read dos header from C:\WINDOWS\System32\profapi.dll
[0710/021938.303:ERROR:process_memory_win.cc(73)] ReadMemory at 0x7ffc10270000 of 64 bytes failed: Only part of a ReadProcessMemory or WriteProcessMemory request was completed. (0x12B)
[0710/021938.303:WARNING:pe_image_reader.cc(340)] could not read dos header from C:\WINDOWS\SYSTEM32\UIAutomationCore.DLL
[0710/021938.303:ERROR:process_memory_win.cc(73)] ReadMemory at 0x7ffc1d740000 of 64 bytes failed: Only part of a ReadProcessMemory or WriteProcessMemory request was completed. (0x12B)
[0710/021938.303:WARNING:pe_image_reader.cc(340)] could not read dos header from C:\WINDOWS\SYSTEM32\DWrite.dll
[0710/021938.303:ERROR:process_memory_win.cc(73)] ReadMemory at 0x7ffc2ecb0000 of 64 bytes failed: Only part of a ReadProcessMemory or WriteProcessMemory request was completed. (0x12B)
[0710/021938.303:WARNING:pe_image_reader.cc(340)] could not read dos header from C:\WINDOWS\SYSTEM32\WINSPOOL.DRV
[0710/021938.303:ERROR:process_memory_win.cc(73)] ReadMemory at 0x7ffc3b990000 of 64 bytes failed: Only part of a ReadProcessMemory or WriteProcessMemory request was completed. (0x12B)
[0710/021938.303:WARNING:pe_image_reader.cc(340)] could not read dos header from C:\WINDOWS\System32\kernel.appcore.dll
[0710/021938.303:ERROR:process_memory_win.cc(73)] ReadMemory at 0x7ffc3c9f0000 of 64 bytes failed: Only part of a ReadProcessMemory or WriteProcessMemory request was completed. (0x12B)
[0710/021938.303:WARNING:pe_image_reader.cc(340)] could not read dos header from C:\WINDOWS\System32\bcrypt.dll
[0710/021938.303:ERROR:process_memory_win.cc(73)] ReadMemory at 0x7ffc3a220000 of 64 bytes failed: Only part of a ReadProcessMemory or WriteProcessMemory request was completed. (0x12B)
[0710/021938.303:WARNING:pe_image_reader.cc(340)] could not read dos header from C:\WINDOWS\SYSTEM32\dbghelp.dll
[0710/021938.303:ERROR:process_memory_win.cc(73)] ReadMemory at 0x7ffc35c20000 of 64 bytes failed: Only part of a ReadProcessMemory or WriteProcessMemory request was completed. (0x12B)
[0710/021938.303:WARNING:pe_image_reader.cc(340)] could not read dos header from C:\WINDOWS\SYSTEM32\WINHTTP.dll
[0710/021938.303:ERROR:process_memory_win.cc(73)] ReadMemory at 0x7ffc340d0000 of 64 bytes failed: Only part of a ReadProcessMemory or WriteProcessMemory request was completed. (0x12B)
[0710/021938.303:WARNING:pe_image_reader.cc(340)] could not read dos header from C:\WINDOWS\SYSTEM32\dhcpcsvc.DLL
[0710/021938.303:ERROR:process_memory_win.cc(73)] ReadMemory at 0x7ffc3d760000 of 64 bytes failed: Only part of a ReadProcessMemory or WriteProcessMemory request was completed. (0x12B)
[0710/021938.303:WARNING:pe_image_reader.cc(340)] could not read dos header from C:\WINDOWS\System32\NSI.dll
[0710/021938.303:ERROR:process_memory_win.cc(73)] ReadMemory at 0x7ffc2ea30000 of 64 bytes failed: Only part of a ReadProcessMemory or WriteProcessMemory request was completed. (0x12B)
[0710/021938.303:WARNING:pe_image_reader.cc(340)] could not read dos header from C:\WINDOWS\SYSTEM32\WINMMBASE.dll
[0710/021938.303:ERROR:process_memory_win.cc(73)] ReadMemory at 0x7ffc3ca80000 of 64 bytes failed: Only part of a ReadProcessMemory or WriteProcessMemory request was completed. (0x12B)
[0710/021938.303:WARNING:pe_image_reader.cc(340)] could not read dos header from C:\WINDOWS\System32\cfgmgr32.dll
[0710/021938.303:ERROR:process_memory_win.cc(73)] ReadMemory at 0x7ffc39fe0000 of 64 bytes failed: Only part of a ReadProcessMemory or WriteProcessMemory request was completed. (0x12B)
[0710/021938.303:WARNING:pe_image_reader.cc(340)] could not read dos header from C:\WINDOWS\SYSTEM32\PROPSYS.dll
[0710/021938.303:ERROR:process_memory_win.cc(73)] ReadMemory at 0x7ffc3ce20000 of 64 bytes failed: Only part of a ReadProcessMemory or WriteProcessMemory request was completed. (0x12B)
[0710/021938.303:WARNING:pe_image_reader.cc(340)] could not read dos header from C:\WINDOWS\System32\shcore.dll
[0710/021938.303:ERROR:process_memory_win.cc(73)] ReadMemory at 0x7ffc3b7d0000 of 64 bytes failed: Only part of a ReadProcessMemory or WriteProcessMemory request was completed. (0x12B)
[0710/021938.303:WARNING:pe_image_reader.cc(340)] could not read dos header from C:\WINDOWS\SYSTEM32\SSPICLI.DLL
[0710/021938.303:ERROR:process_memory_win.cc(73)] ReadMemory at 0x7ffc3b320000 of 64 bytes failed: Only part of a ReadProcessMemory or WriteProcessMemory request was completed. (0x12B)
[0710/021938.303:WARNING:pe_image_reader.cc(340)] could not read dos header from C:\WINDOWS\SYSTEM32\CRYPTBASE.DLL
[0710/021938.303:ERROR:process_memory_win.cc(73)] ReadMemory at 0x7ff6c8670000 of 64 bytes failed: Only part of a ReadProcessMemory or WriteProcessMemory request was completed. (0x12B)
[0710/021938.303:WARNING:pe_image_reader.cc(340)] could not read dos header from C:\Program Files (x86)\Google\Chrome\Application\chrome.exe
[0710/021938.303:ERROR:process_memory_win.cc(73)] ReadMemory at 0x7ffc3ea20000 of 64 bytes failed: Only part of a ReadProcessMemory or WriteProcessMemory request was completed. (0x12B)
[0710/021938.303:WARNING:pe_image_reader.cc(340)] could not read dos header from C:\WINDOWS\SYSTEM32\ntdll.dll
[0710/021938.303:ERROR:process_memory_win.cc(73)] ReadMemory at 0x7ffc3dac0000 of 64 bytes failed: Only part of a ReadProcessMemory or WriteProcessMemory request was completed. (0x12B)
[0710/021938.303:WARNING:pe_image_reader.cc(340)] could not read dos header from C:\WINDOWS\System32\KERNEL32.DLL
[0710/021938.304:ERROR:process_memory_win.cc(73)] ReadMemory at 0x7ffc3c720000 of 64 bytes failed: Only part of a ReadProcessMemory or WriteProcessMemory request was completed. (0x12B)
[0710/021938.304:WARNING:pe_image_reader.cc(340)] could not read dos header from C:\WINDOWS\System32\KERNELBASE.dll
[0710/021938.304:ERROR:process_memory_win.cc(73)] ReadMemory at 0x7ffc131a0000 of 64 bytes failed: Only part of a ReadProcessMemory or WriteProcessMemory request was completed. (0x12B)
[0710/021938.304:WARNING:pe_image_reader.cc(340)] could not read dos header from C:\Program Files (x86)\Google\Chrome\Application\83.0.4103.116\chrome_elf.dll
[0710/021938.304:ERROR:process_memory_win.cc(73)] ReadMemory at 0x7ffc352a0000 of 64 bytes failed: Only part of a ReadProcessMemory or WriteProcessMemory request was completed. (0x12B)
[0710/021938.304:WARNING:pe_image_reader.cc(340)] could not read dos header from C:\WINDOWS\SYSTEM32\VERSION.dll
[0710/021938.304:ERROR:process_memory_win.cc(73)] ReadMemory at 0x7ffc3e280000 of 64 bytes failed: Only part of a ReadProcessMemory or WriteProcessMemory request was completed. (0x12B)
[0710/021938.304:WARNING:pe_image_reader.cc(340)] could not read dos header from C:\WINDOWS\System32\msvcrt.dll
[0710/021938.304:ERROR:process_memory_win.cc(73)] ReadMemory at 0x7ffc3bb00000 of 64 bytes failed: Only part of a ReadProcessMemory or WriteProcessMemory request was completed. (0x12B)
[0710/021938.304:WARNING:pe_image_reader.cc(340)] could not read dos header from C:\WINDOWS\System32\bcryptPrimitives.dll
[0710/021938.304:ERROR:process_memory_win.cc(73)] ReadMemory at 0x7ffc3e380000 of 64 bytes failed: Only part of a ReadProcessMemory or WriteProcessMemory request was completed. (0x12B)
[0710/021938.304:WARNING:pe_image_reader.cc(340)] could not read dos header from C:\WINDOWS\System32\ADVAPI32.dll
[0710/021938.304:ERROR:process_memory_win.cc(73)] ReadMemory at 0x7ffc3dd30000 of 64 bytes failed: Only part of a ReadProcessMemory or WriteProcessMemory request was completed. (0x12B)
[0710/021938.304:WARNING:pe_image_reader.cc(340)] could not read dos header from C:\WINDOWS\System32\sechost.dll
[0710/021938.304:ERROR:process_memory_win.cc(73)] ReadMemory at 0x7ffc3dfb0000 of 64 bytes failed: Only part of a ReadProcessMemory or WriteProcessMemory request was completed. (0x12B)
[0710/021938.304:WARNING:pe_image_reader.cc(340)] could not read dos header from C:\WINDOWS\System32\RPCRT4.dll
[0710/021938.304:ERROR:process_memory_win.cc(73)] ReadMemory at 0x7ffbb1780000 of 64 bytes failed: Only part of a ReadProcessMemory or WriteProcessMemory request was completed. (0x12B)
[0710/021938.304:WARNING:pe_image_reader.cc(340)] could not read dos header from C:\Program Files (x86)\Google\Chrome\Application\83.0.4103.116\chrome.dll
[0710/021938.304:ERROR:process_memory_win.cc(73)] ReadMemory at 0x7ffc3dcc0000 of 64 bytes failed: Only part of a ReadProcessMemory or WriteProcessMemory request was completed. (0x12B)
[0710/021938.304:WARNING:pe_image_reader.cc(340)] could not read dos header from C:\WINDOWS\System32\WS2_32.dll
[0710/021938.304:ERROR:process_memory_win.cc(73)] ReadMemory at 0x7ffc3cce0000 of 64 bytes failed: Only part of a ReadProcessMemory or WriteProcessMemory request was completed. (0x12B)
[0710/021938.304:WARNING:pe_image_reader.cc(340)] could not read dos header from C:\WINDOWS\System32\OLEAUT32.dll
[0710/021938.304:ERROR:process_memory_win.cc(73)] ReadMemory at 0x7ffc3c650000 of 64 bytes failed: Only part of a ReadProcessMemory or WriteProcessMemory request was completed. (0x12B)
[0710/021938.304:WARNING:pe_image_reader.cc(340)] could not read dos header from C:\WINDOWS\System32\msvcp_win.dll
[0710/021938.304:ERROR:process_memory_win.cc(73)] ReadMemory at 0x7ffc3c4a0000 of 64 bytes failed: Only part of a ReadProcessMemory or WriteProcessMemory request was completed. (0x12B)
[0710/021938.304:WARNING:pe_image_reader.cc(340)] could not read dos header from C:\WINDOWS\System32\ucrtbase.dll
[0710/021938.304:ERROR:process_memory_win.cc(73)] ReadMemory at 0x7ffc3d780000 of 64 bytes failed: Only part of a ReadProcessMemory or WriteProcessMemory request was completed. (0x12B)
[0710/021938.304:WARNING:pe_image_reader.cc(340)] could not read dos header from C:\WINDOWS\System32\combase.dll
[0710/021938.304:ERROR:process_memory_win.cc(73)] ReadMemory at 0x7ffc3ca20000 of 64 bytes failed: Only part of a ReadProcessMemory or WriteProcessMemory request was completed. (0x12B)
[0710/021938.304:WARNING:pe_image_reader.cc(340)] could not read dos header from C:\WINDOWS\System32\WINTRUST.dll
[0710/021938.304:ERROR:process_memory_win.cc(73)] ReadMemory at 0x7ffc3b940000 of 64 bytes failed: Only part of a ReadProcessMemory or WriteProcessMemory request was completed. (0x12B)
[0710/021938.304:WARNING:pe_image_reader.cc(340)] could not read dos header from C:\WINDOWS\System32\MSASN1.dll
[0710/021938.304:ERROR:process_memory_win.cc(73)] ReadMemory at 0x7ffc3b9b0000 of 64 bytes failed: Only part of a ReadProcessMemory or WriteProcessMemory request was completed. (0x12B)
[0710/021938.304:WARNING:pe_image_reader.cc(340)] could not read dos header from C:\WINDOWS\System32\CRYPT32.dll
[0710/021938.304:ERROR:process_memory_win.cc(73)] ReadMemory at 0x7ffc3ae60000 of 64 bytes failed: Only part of a ReadProcessMemory or WriteProcessMemory request was completed. (0x12B)
[0710/021938.304:WARNING:pe_image_reader.cc(340)] could not read dos header from C:\WINDOWS\SYSTEM32\IPHLPAPI.DLL
[0710/021938.304:ERROR:process_memory_win.cc(73)] ReadMemory at 0x7ffc2ec10000 of 64 bytes failed: Only part of a ReadProcessMemory or WriteProcessMemory request was completed. (0x12B)
[0710/021938.304:WARNING:pe_image_reader.cc(340)] could not read dos header from C:\WINDOWS\SYSTEM32\WINMM.dll
[0710/021938.304:ERROR:process_memory_win.cc(73)] ReadMemory at 0x7ffc2f5c0000 of 64 bytes failed: Only part of a ReadProcessMemory or WriteProcessMemory request was completed. (0x12B)
[0710/021938.304:WARNING:pe_image_reader.cc(340)] could not read dos header from C:\WINDOWS\SYSTEM32\Secur32.dll
[0710/021938.304:ERROR:process_memory_win.cc(73)] ReadMemory at 0x7ffc3b800000 of 64 bytes failed: Only part of a ReadProcessMemory or WriteProcessMemory request was completed. (0x12B)
[0710/021938.304:WARNING:pe_image_reader.cc(340)] could not read dos header from C:\WINDOWS\SYSTEM32\USERENV.dll
[0710/021938.304:ERROR:process_memory_win.cc(73)] ReadMemory at 0x7ffc3b960000 of 64 bytes failed: Only part of a ReadProcessMemory or WriteProcessMemory request was completed. (0x12B)
[0710/021938.304:WARNING:pe_image_reader.cc(340)] could not read dos header from C:\WINDOWS\System32\profapi.dll
[0710/021938.304:ERROR:process_memory_win.cc(73)] ReadMemory at 0x7ffc10270000 of 64 bytes failed: Only part of a ReadProcessMemory or WriteProcessMemory request was completed. (0x12B)
[0710/021938.304:WARNING:pe_image_reader.cc(340)] could not read dos header from C:\WINDOWS\SYSTEM32\UIAutomationCore.DLL
[0710/021938.304:ERROR:process_memory_win.cc(73)] ReadMemory at 0x7ffc1d740000 of 64 bytes failed: Only part of a ReadProcessMemory or WriteProcessMemory request was completed. (0x12B)
[0710/021938.304:WARNING:pe_image_reader.cc(340)] could not read dos header from C:\WINDOWS\SYSTEM32\DWrite.dll
[0710/021938.304:ERROR:process_memory_win.cc(73)] ReadMemory at 0x7ffc2ecb0000 of 64 bytes failed: Only part of a ReadProcessMemory or WriteProcessMemory request was completed. (0x12B)
[0710/021938.304:WARNING:pe_image_reader.cc(340)] could not read dos header from C:\WINDOWS\SYSTEM32\WINSPOOL.DRV
[0710/021938.304:ERROR:process_memory_win.cc(73)] ReadMemory at 0x7ffc3b990000 of 64 bytes failed: Only part of a ReadProcessMemory or WriteProcessMemory request was completed. (0x12B)
[0710/021938.304:WARNING:pe_image_reader.cc(340)] could not read dos header from C:\WINDOWS\System32\kernel.appcore.dll
[0710/021938.304:ERROR:process_memory_win.cc(73)] ReadMemory at 0x7ffc3c9f0000 of 64 bytes failed: Only part of a ReadProcessMemory or WriteProcessMemory request was completed. (0x12B)
[0710/021938.304:WARNING:pe_image_reader.cc(340)] could not read dos header from C:\WINDOWS\System32\bcrypt.dll
[0710/021938.304:ERROR:process_memory_win.cc(73)] ReadMemory at 0x7ffc3a220000 of 64 bytes failed: Only part of a ReadProcessMemory or WriteProcessMemory request was completed. (0x12B)
[0710/021938.304:WARNING:pe_image_reader.cc(340)] could not read dos header from C:\WINDOWS\SYSTEM32\dbghelp.dll
[0710/021938.304:ERROR:process_memory_win.cc(73)] ReadMemory at 0x7ffc35c20000 of 64 bytes failed: Only part of a ReadProcessMemory or WriteProcessMemory request was completed. (0x12B)
[0710/021938.304:WARNING:pe_image_reader.cc(340)] could not read dos header from C:\WINDOWS\SYSTEM32\WINHTTP.dll
[0710/021938.304:ERROR:process_memory_win.cc(73)] ReadMemory at 0x7ffc340d0000 of 64 bytes failed: Only part of a ReadProcessMemory or WriteProcessMemory request was completed. (0x12B)
[0710/021938.304:WARNING:pe_image_reader.cc(340)] could not read dos header from C:\WINDOWS\SYSTEM32\dhcpcsvc.DLL
[0710/021938.304:ERROR:process_memory_win.cc(73)] ReadMemory at 0x7ffc3d760000 of 64 bytes failed: Only part of a ReadProcessMemory or WriteProcessMemory request was completed. (0x12B)
[0710/021938.304:WARNING:pe_image_reader.cc(340)] could not read dos header from C:\WINDOWS\System32\NSI.dll
[0710/021938.304:ERROR:process_memory_win.cc(73)] ReadMemory at 0x7ffc2ea30000 of 64 bytes failed: Only part of a ReadProcessMemory or WriteProcessMemory request was completed. (0x12B)
[0710/021938.304:WARNING:pe_image_reader.cc(340)] could not read dos header from C:\WINDOWS\SYSTEM32\WINMMBASE.dll
[0710/021938.304:ERROR:process_memory_win.cc(73)] ReadMemory at 0x7ffc3ca80000 of 64 bytes failed: Only part of a ReadProcessMemory or WriteProcessMemory request was completed. (0x12B)
[0710/021938.304:WARNING:pe_image_reader.cc(340)] could not read dos header from C:\WINDOWS\System32\cfgmgr32.dll
[0710/021938.304:ERROR:process_memory_win.cc(73)] ReadMemory at 0x7ffc39fe0000 of 64 bytes failed: Only part of a ReadProcessMemory or WriteProcessMemory request was completed. (0x12B)
[0710/021938.304:WARNING:pe_image_reader.cc(340)] could not read dos header from C:\WINDOWS\SYSTEM32\PROPSYS.dll
[0710/021938.304:ERROR:process_memory_win.cc(73)] ReadMemory at 0x7ffc3ce20000 of 64 bytes failed: Only part of a ReadProcessMemory or WriteProcessMemory request was completed. (0x12B)
[0710/021938.305:WARNING:pe_image_reader.cc(340)] could not read dos header from C:\WINDOWS\System32\shcore.dll
[0710/021938.305:ERROR:process_memory_win.cc(73)] ReadMemory at 0x7ffc3b7d0000 of 64 bytes failed: Only part of a ReadProcessMemory or WriteProcessMemory request was completed. (0x12B)
[0710/021938.305:WARNING:pe_image_reader.cc(340)] could not read dos header from C:\WINDOWS\SYSTEM32\SSPICLI.DLL
[0710/021938.305:ERROR:process_memory_win.cc(73)] ReadMemory at 0x7ffc3b320000 of 64 bytes failed: Only part of a ReadProcessMemory or WriteProcessMemory request was completed. (0x12B)
[0710/021938.305:WARNING:pe_image_reader.cc(340)] could not read dos header from C:\WINDOWS\SYSTEM32\CRYPTBASE.DLL
[0710/021938.324:ERROR:process_memory_win.cc(73)] ReadMemory at 0x9be35e5000 of 110592 bytes failed: Only part of a ReadProcessMemory or WriteProcessMemory request was completed. (0x12B)
[0710/021938.324:ERROR:process_memory_win.cc(73)] ReadMemory at 0x9be3dfd000 of 12288 bytes failed: Only part of a ReadProcessMemory or WriteProcessMemory request was completed. (0x12B)
[0710/021938.324:ERROR:process_memory_win.cc(73)] ReadMemory at 0x9be4dfd000 of 12288 bytes failed: Only part of a ReadProcessMemory or WriteProcessMemory request was completed. (0x12B)
[0710/021938.324:ERROR:process_memory_win.cc(73)] ReadMemory at 0x9be55fb000 of 20480 bytes failed: Only part of a ReadProcessMemory or WriteProcessMemory request was completed. (0x12B)
[0710/021938.324:ERROR:process_memory_win.cc(73)] ReadMemory at 0x9be5dff000 of 4096 bytes failed: Only part of a ReadProcessMemory or WriteProcessMemory request was completed. (0x12B)
[0710/021938.324:ERROR:process_memory_win.cc(73)] ReadMemory at 0x9be65fd000 of 12288 bytes failed: Only part of a ReadProcessMemory or WriteProcessMemory request was completed. (0x12B)
[0710/021938.324:ERROR:process_memory_win.cc(73)] ReadMemory at 0x9be6dfb000 of 20480 bytes failed: Only part of a ReadProcessMemory or WriteProcessMemory request was completed. (0x12B)
[0710/021938.324:ERROR:process_memory_win.cc(73)] ReadMemory at 0x9be7dfd000 of 12288 bytes failed: Only part of a ReadProcessMemory or WriteProcessMemory request was completed. (0x12B)
[0710/021938.324:ERROR:process_memory_win.cc(73)] ReadMemory at 0x9be85f6000 of 40960 bytes failed: Only part of a ReadProcessMemory or WriteProcessMemory request was completed. (0x12B)
[0710/021938.324:ERROR:process_memory_win.cc(73)] ReadMemory at 0x9be8df6000 of 40960 bytes failed: Only part of a ReadProcessMemory or WriteProcessMemory request was completed. (0x12B)
[0710/021938.324:ERROR:process_memory_win.cc(73)] ReadMemory at 0x9be95f5000 of 45056 bytes failed: Only part of a ReadProcessMemory or WriteProcessMemory request was completed. (0x12B)
[0710/021938.325:ERROR:process_memory_win.cc(73)] ReadMemory at 0x9be9df5000 of 45056 bytes failed: Only part of a ReadProcessMemory or WriteProcessMemory request was completed. (0x12B)
[0710/021938.325:ERROR:process_memory_win.cc(73)] ReadMemory at 0x9bea5fd000 of 12288 bytes failed: Only part of a ReadProcessMemory or WriteProcessMemory request was completed. (0x12B)
[0710/021938.325:ERROR:process_memory_win.cc(73)] ReadMemory at 0x9be45fd000 of 12288 bytes failed: Only part of a ReadProcessMemory or WriteProcessMemory request was completed. (0x12B)
[0710/021938.325:ERROR:process_memory_win.cc(73)] ReadMemory at 0x9be75ff000 of 4096 bytes failed: Only part of a ReadProcessMemory or WriteProcessMemory request was completed. (0x12B)
[0710/021938.325:ERROR:process_memory_win.cc(73)] ReadMemory at 0x9bed5fd000 of 12288 bytes failed: Only part of a ReadProcessMemory or WriteProcessMemory request was completed. (0x12B)
[0710/021938.325:ERROR:process_memory_win.cc(73)] ReadMemory at 0x9beedfc000 of 16384 bytes failed: Only part of a ReadProcessMemory or WriteProcessMemory request was completed. (0x12B)
[0710/021938.325:ERROR:process_memory_win.cc(73)] ReadMemory at 0x9beadfe000 of 8192 bytes failed: Only part of a ReadProcessMemory or WriteProcessMemory request was completed. (0x12B)
[0710/021938.325:ERROR:process_memory_win.cc(73)] ReadMemory at 0x9be2cca000 of 852 bytes failed: Only part of a ReadProcessMemory or WriteProcessMemory request was completed. (0x12B)
[0710/021938.325:ERROR:process_memory_win.cc(73)] ReadMemory at 0x9be2ccb000 of 6024 bytes failed: Only part of a ReadProcessMemory or WriteProcessMemory request was completed. (0x12B)
[0710/021938.325:ERROR:process_memory_win.cc(73)] ReadMemory at 0x9be2ccd000 of 6024 bytes failed: Only part of a ReadProcessMemory or WriteProcessMemory request was completed. (0x12B)
[0710/021938.325:ERROR:process_memory_win.cc(73)] ReadMemory at 0x9be2cd1000 of 6024 bytes failed: Only part of a ReadProcessMemory or WriteProcessMemory request was completed. (0x12B)
[0710/021938.325:ERROR:process_memory_win.cc(73)] ReadMemory at 0x9be2cd3000 of 6024 bytes failed: Only part of a ReadProcessMemory or WriteProcessMemory request was completed. (0x12B)
[0710/021938.325:ERROR:process_memory_win.cc(73)] ReadMemory at 0x9be2cd5000 of 6024 bytes failed: Only part of a ReadProcessMemory or WriteProcessMemory request was completed. (0x12B)
[0710/021938.325:ERROR:process_memory_win.cc(73)] ReadMemory at 0x9be2cd7000 of 6024 bytes failed: Only part of a ReadProcessMemory or WriteProcessMemory request was completed. (0x12B)
[0710/021938.325:ERROR:process_memory_win.cc(73)] ReadMemory at 0x9be2cd9000 of 6024 bytes failed: Only part of a ReadProcessMemory or WriteProcessMemory request was completed. (0x12B)
[0710/021938.325:ERROR:process_memory_win.cc(73)] ReadMemory at 0x9be2cdd000 of 6024 bytes failed: Only part of a ReadProcessMemory or WriteProcessMemory request was completed. (0x12B)
[0710/021938.325:ERROR:process_memory_win.cc(73)] ReadMemory at 0x9be2cdf000 of 6024 bytes failed: Only part of a ReadProcessMemory or WriteProcessMemory request was completed. (0x12B)
[0710/021938.325:ERROR:process_memory_win.cc(73)] ReadMemory at 0x9be2ce1000 of 6024 bytes failed: Only part of a ReadProcessMemory or WriteProcessMemory request was completed. (0x12B)
[0710/021938.325:ERROR:process_memory_win.cc(73)] ReadMemory at 0x9be2ce3000 of 6024 bytes failed: Only part of a ReadProcessMemory or WriteProcessMemory request was completed. (0x12B)
[0710/021938.325:ERROR:process_memory_win.cc(73)] ReadMemory at 0x9be2ce5000 of 6024 bytes failed: Only part of a ReadProcessMemory or WriteProcessMemory request was completed. (0x12B)
[0710/021938.326:ERROR:process_memory_win.cc(73)] ReadMemory at 0x9be2ce7000 of 6024 bytes failed: Only part of a ReadProcessMemory or WriteProcessMemory request was completed. (0x12B)
[0710/021938.326:ERROR:process_memory_win.cc(73)] ReadMemory at 0x9be2cfd000 of 6024 bytes failed: Only part of a ReadProcessMemory or WriteProcessMemory request was completed. (0x12B)
[0710/021938.326:ERROR:process_memory_win.cc(73)] ReadMemory at 0x9be2d17000 of 6024 bytes failed: Only part of a ReadProcessMemory or WriteProcessMemory request was completed. (0x12B)
[0710/021938.326:ERROR:process_memory_win.cc(73)] ReadMemory at 0x9be2d1d000 of 6024 bytes failed: Only part of a ReadProcessMemory or WriteProcessMemory request was completed. (0x12B)
[0710/021938.326:ERROR:process_memory_win.cc(73)] ReadMemory at 0x9be2d25000 of 6024 bytes failed: Only part of a ReadProcessMemory or WriteProcessMemory request was completed. (0x12B)
[0710/021938.326:ERROR:process_memory_win.cc(73)] ReadMemory at 0x9be2d2b000 of 6024 bytes failed: Only part of a ReadProcessMemory or WriteProcessMemory request was completed. (0x12B)
[0710/021938.326:ERROR:process_memory_win.cc(73)] ReadMemory at 0x2315b270ad0 of 512 bytes failed: Only part of a ReadProcessMemory or WriteProcessMemory request was completed. (0x12B)
[0710/021938.326:ERROR:process_memory_win.cc(73)] ReadMemory at 0x2315b270fe0 of 7634 bytes failed: Only part of a ReadProcessMemory or WriteProcessMemory request was completed. (0x12B)
[0710/021938.326:ERROR:process_memory_win.cc(73)] ReadMemory at 0x2315b272dc0 of 1012 bytes failed: Only part of a ReadProcessMemory or WriteProcessMemory request was completed. (0x12B)
[0710/021938.326:ERROR:process_memory_win.cc(73)] ReadMemory at 0x2315b273408 of 118 bytes failed: Only part of a ReadProcessMemory or WriteProcessMemory request was completed. (0x12B)
[0710/021938.326:ERROR:process_memory_win.cc(73)] ReadMemory at 0x2315b273480 of 856 bytes failed: Only part of a ReadProcessMemory or WriteProcessMemory request was completed. (0x12B)
[0710/021938.326:ERROR:process_memory_win.cc(73)] ReadMemory at 0x2315b2737da of 118 bytes failed: Only part of a ReadProcessMemory or WriteProcessMemory request was completed. (0x12B)
[0710/021938.326:ERROR:process_memory_win.cc(73)] ReadMemory at 0x2315b273852 of 104 bytes failed: Only part of a ReadProcessMemory or WriteProcessMemory request was completed. (0x12B)
[0710/021938.326:ERROR:process_memory_win.cc(73)] ReadMemory at 0x2315b2738d0 of 58 bytes failed: Only part of a ReadProcessMemory or WriteProcessMemory request was completed. (0x12B)
[0710/021938.326:ERROR:process_memory_win.cc(73)] ReadMemory at 0x2315b2739d0 of 132 bytes failed: Only part of a ReadProcessMemory or WriteProcessMemory request was completed. (0x12B)
[0710/021938.326:ERROR:process_memory_win.cc(73)] ReadMemory at 0x2315b273b60 of 132 bytes failed: Only part of a ReadProcessMemory or WriteProcessMemory request was completed. (0x12B)
[0710/021938.326:ERROR:process_memory_win.cc(73)] ReadMemory at 0x2315b273d20 of 126 bytes failed: Only part of a ReadProcessMemory or WriteProcessMemory request was completed. (0x12B)
[0710/021938.360:ERROR:process_memory_win.cc(73)] ReadMemory at 0x2315b274100 of 132 bytes failed: Only part of a ReadProcessMemory or WriteProcessMemory request was completed. (0x12B)
[0710/021938.454:ERROR:process_memory_win.cc(73)] ReadMemory at 0x2315b274290 of 64 bytes failed: Only part of a ReadProcessMemory or WriteProcessMemory request was completed. (0x12B)
[0710/021938.454:ERROR:process_memory_win.cc(73)] ReadMemory at 0x2315b274450 of 132 bytes failed: Only part of a ReadProcessMemory or WriteProcessMemory request was completed. (0x12B)
[0710/021938.454:ERROR:process_memory_win.cc(73)] ReadMemory at 0x2315b2746f0 of 132 bytes failed: Only part of a ReadProcessMemory or WriteProcessMemory request was completed. (0x12B)
[0710/021938.454:ERROR:process_memory_win.cc(73)] ReadMemory at 0x2315b274880 of 68 bytes failed: Only part of a ReadProcessMemory or WriteProcessMemory request was completed. (0x12B)
[0710/021938.454:ERROR:process_memory_win.cc(73)] ReadMemory at 0x2315b275980 of 132 bytes failed: Only part of a ReadProcessMemory or WriteProcessMemory request was completed. (0x12B)
[0710/021938.455:ERROR:process_memory_win.cc(73)] ReadMemory at 0x2315b275b10 of 154 bytes failed: Only part of a ReadProcessMemory or WriteProcessMemory request was completed. (0x12B)
[0710/021938.455:ERROR:process_memory_win.cc(73)] ReadMemory at 0x2315b2769c0 of 132 bytes failed: Only part of a ReadProcessMemory or WriteProcessMemory request was completed. (0x12B)
[0710/021938.455:ERROR:process_memory_win.cc(73)] ReadMemory at 0x2315b276af0 of 60 bytes failed: Only part of a ReadProcessMemory or WriteProcessMemory request was completed. (0x12B)
[0710/021938.455:ERROR:process_memory_win.cc(73)] ReadMemory at 0x2315b277170 of 132 bytes failed: Only part of a ReadProcessMemory or WriteProcessMemory request was completed. (0x12B)
[0710/021938.455:ERROR:process_memory_win.cc(73)] ReadMemory at 0x2315b277ed0 of 62 bytes failed: Only part of a ReadProcessMemory or WriteProcessMemory request was completed. (0x12B)
[0710/021938.455:ERROR:process_memory_win.cc(73)] ReadMemory at 0x2315b2788c0 of 132 bytes failed: Only part of a ReadProcessMemory or WriteProcessMemory request was completed. (0x12B)
[0710/021938.455:ERROR:process_memory_win.cc(73)] ReadMemory at 0x2315b278ad0 of 132 bytes failed: Only part of a ReadProcessMemory or WriteProcessMemory request was completed. (0x12B)
[0710/021938.455:ERROR:process_memory_win.cc(73)] ReadMemory at 0x2315b27b7b0 of 132 bytes failed: Only part of a ReadProcessMemory or WriteProcessMemory request was completed. (0x12B)
[0710/021938.455:ERROR:process_memory_win.cc(73)] ReadMemory at 0x2315b27b8e0 of 132 bytes failed: Only part of a ReadProcessMemory or WriteProcessMemory request was completed. (0x12B)
[0710/021938.455:ERROR:process_memory_win.cc(73)] ReadMemory at 0x2315b27ba70 of 80 bytes failed: Only part of a ReadProcessMemory or WriteProcessMemory request was completed. (0x12B)
[0710/021938.455:ERROR:process_memory_win.cc(73)] ReadMemory at 0x2315b27c420 of 64 bytes failed: Only part of a ReadProcessMemory or WriteProcessMemory request was completed. (0x12B)
[0710/021938.455:ERROR:process_memory_win.cc(73)] ReadMemory at 0x2315b27c4c0 of 62 bytes failed: Only part of a ReadProcessMemory or WriteProcessMemory request was completed. (0x12B)
[0710/021938.455:ERROR:process_memory_win.cc(73)] ReadMemory at 0x2315b27c650 of 66 bytes failed: Only part of a ReadProcessMemory or WriteProcessMemory request was completed. (0x12B)
[0710/021938.455:ERROR:process_memory_win.cc(73)] ReadMemory at 0x2315b27c6a0 of 62 bytes failed: Only part of a ReadProcessMemory or WriteProcessMemory request was completed. (0x12B)
[0710/021938.673:ERROR:process_memory_win.cc(73)] ReadMemory at 0x2315b27c6f0 of 64 bytes failed: Only part of a ReadProcessMemory or WriteProcessMemory request was completed. (0x12B)
[0710/021938.674:ERROR:process_memory_win.cc(73)] ReadMemory at 0x2315b27c790 of 64 bytes failed: Only part of a ReadProcessMemory or WriteProcessMemory request was completed. (0x12B)
[0710/021938.674:ERROR:process_memory_win.cc(73)] ReadMemory at 0x2315b27c830 of 60 bytes failed: Only part of a ReadProcessMemory or WriteProcessMemory request was completed. (0x12B)
[0710/021938.674:ERROR:process_memory_win.cc(73)] ReadMemory at 0x2315b27c880 of 64 bytes failed: Only part of a ReadProcessMemory or WriteProcessMemory request was completed. (0x12B)
[0710/021938.674:ERROR:process_memory_win.cc(73)] ReadMemory at 0x2315b27c920 of 60 bytes failed: Only part of a ReadProcessMemory or WriteProcessMemory request was completed. (0x12B)
[0710/021938.674:ERROR:process_memory_win.cc(73)] ReadMemory at 0x2315b27cf30 of 80 bytes failed: Only part of a ReadProcessMemory or WriteProcessMemory request was completed. (0x12B)
[0710/021938.675:ERROR:process_memory_win.cc(73)] ReadMemory at 0x2315b27d2f0 of 76 bytes failed: Only part of a ReadProcessMemory or WriteProcessMemory request was completed. (0x12B)
[0710/021938.675:ERROR:process_memory_win.cc(73)] ReadMemory at 0x2315b27f4f0 of 132 bytes failed: Only part of a ReadProcessMemory or WriteProcessMemory request was completed. (0x12B)
[0710/021938.675:ERROR:process_memory_win.cc(73)] ReadMemory at 0x2315b27f620 of 146 bytes failed: Only part of a ReadProcessMemory or WriteProcessMemory request was completed. (0x12B)
[0710/021938.675:ERROR:process_memory_win.cc(73)] ReadMemory at 0x2315b281270 of 54 bytes failed: Only part of a ReadProcessMemory or WriteProcessMemory request was completed. (0x12B)
[0710/021938.675:ERROR:process_memory_win.cc(73)] ReadMemory at 0x2315b281730 of 132 bytes failed: Only part of a ReadProcessMemory or WriteProcessMemory request was completed. (0x12B)
[0710/021938.675:ERROR:process_memory_win.cc(73)] ReadMemory at 0x2315b281860 of 132 bytes failed: Only part of a ReadProcessMemory or WriteProcessMemory request was completed. (0x12B)
[0710/021938.675:ERROR:process_memory_win.cc(73)] ReadMemory at 0x2315b281a80 of 132 bytes failed: Only part of a ReadProcessMemory or WriteProcessMemory request was completed. (0x12B)
[0710/021938.675:ERROR:process_memory_win.cc(73)] ReadMemory at 0x2315b282520 of 132 bytes failed: Only part of a ReadProcessMemory or WriteProcessMemory request was completed. (0x12B)
[0710/021938.675:ERROR:process_memory_win.cc(73)] ReadMemory at 0x2315b285a90 of 132 bytes failed: Only part of a ReadProcessMemory or WriteProcessMemory request was completed. (0x12B)
[0710/021938.675:ERROR:process_memory_win.cc(73)] ReadMemory at 0x2315b285bc0 of 132 bytes failed: Only part of a ReadProcessMemory or WriteProcessMemory request was completed. (0x12B)
[0710/021938.675:ERROR:process_memory_win.cc(73)] ReadMemory at 0x2315b285e20 of 132 bytes failed: Only part of a ReadProcessMemory or WriteProcessMemory request was completed. (0x12B)
[0710/021938.675:ERROR:process_memory_win.cc(73)] ReadMemory at 0x2315b285f50 of 132 bytes failed: Only part of a ReadProcessMemory or WriteProcessMemory request was completed. (0x12B)
[0710/021938.675:ERROR:process_memory_win.cc(73)] ReadMemory at 0x2315b286080 of 132 bytes failed: Only part of a ReadProcessMemory or WriteProcessMemory request was completed. (0x12B)
[0710/021938.675:ERROR:process_memory_win.cc(73)] ReadMemory at 0x2315b2861b0 of 132 bytes failed: Only part of a ReadProcessMemory or WriteProcessMemory request was completed. (0x12B)
[0710/021938.676:ERROR:process_memory_win.cc(73)] ReadMemory at 0x2315b2862e0 of 132 bytes failed: Only part of a ReadProcessMemory or WriteProcessMemory request was completed. (0x12B)
[0710/021938.676:ERROR:process_memory_win.cc(73)] ReadMemory at 0x2315b286410 of 132 bytes failed: Only part of a ReadProcessMemory or WriteProcessMemory request was completed. (0x12B)
[0710/021938.676:ERROR:process_memory_win.cc(73)] ReadMemory at 0x2315b286540 of 132 bytes failed: Only part of a ReadProcessMemory or WriteProcessMemory request was completed. (0x12B)
[0710/021938.676:ERROR:process_memory_win.cc(73)] ReadMemory at 0x2315b286670 of 132 bytes failed: Only part of a ReadProcessMemory or WriteProcessMemory request was completed. (0x12B)
[0710/021938.676:ERROR:process_memory_win.cc(73)] ReadMemory at 0x2315b2867a0 of 132 bytes failed: Only part of a ReadProcessMemory or WriteProcessMemory request was completed. (0x12B)
[0710/021938.676:ERROR:process_memory_win.cc(73)] ReadMemory at 0x2315b2868d0 of 132 bytes failed: Only part of a ReadProcessMemory or WriteProcessMemory request was completed. (0x12B)
[0710/021938.676:ERROR:process_memory_win.cc(73)] ReadMemory at 0x2315b286b80 of 62 bytes failed: Only part of a ReadProcessMemory or WriteProcessMemory request was completed. (0x12B)
[0710/021938.676:ERROR:process_memory_win.cc(73)] ReadMemory at 0x2315b286c20 of 64 bytes failed: Only part of a ReadProcessMemory or WriteProcessMemory request was completed. (0x12B)
[0710/021938.676:ERROR:process_memory_win.cc(73)] ReadMemory at 0x2315b286ea0 of 60 bytes failed: Only part of a ReadProcessMemory or WriteProcessMemory request was completed. (0x12B)
[0710/021938.676:ERROR:process_memory_win.cc(73)] ReadMemory at 0x2315b286ef0 of 64 bytes failed: Only part of a ReadProcessMemory or WriteProcessMemory request was completed. (0x12B)
[0710/021938.676:ERROR:process_memory_win.cc(73)] ReadMemory at 0x2315b286f40 of 58 bytes failed: Only part of a ReadProcessMemory or WriteProcessMemory request was completed. (0x12B)
[0710/021938.676:ERROR:process_memory_win.cc(73)] ReadMemory at 0x2315b286f90 of 60 bytes failed: Only part of a ReadProcessMemory or WriteProcessMemory request was completed. (0x12B)
[0710/021938.677:ERROR:process_memory_win.cc(73)] ReadMemory at 0x2315b287030 of 64 bytes failed: Only part of a ReadProcessMemory or WriteProcessMemory request was completed. (0x12B)
[0710/021938.677:ERROR:process_memory_win.cc(73)] ReadMemory at 0x2315b2870d0 of 62 bytes failed: Only part of a ReadProcessMemory or WriteProcessMemory request was completed. (0x12B)
[0710/021938.677:ERROR:process_memory_win.cc(73)] ReadMemory at 0x2315b287170 of 62 bytes failed: Only part of a ReadProcessMemory or WriteProcessMemory request was completed. (0x12B)
[0710/021938.677:ERROR:process_memory_win.cc(73)] ReadMemory at 0x2315b287210 of 60 bytes failed: Only part of a ReadProcessMemory or WriteProcessMemory request was completed. (0x12B)
[0710/021938.677:ERROR:process_memory_win.cc(73)] ReadMemory at 0x2315b287350 of 64 bytes failed: Only part of a ReadProcessMemory or WriteProcessMemory request was completed. (0x12B)
[0710/021938.677:ERROR:process_memory_win.cc(73)] ReadMemory at 0x2315b287440 of 62 bytes failed: Only part of a ReadProcessMemory or WriteProcessMemory request was completed. (0x12B)
[0710/021938.677:ERROR:process_memory_win.cc(73)] ReadMemory at 0x2315b287670 of 60 bytes failed: Only part of a ReadProcessMemory or WriteProcessMemory request was completed. (0x12B)
[0710/021938.677:ERROR:process_memory_win.cc(73)] ReadMemory at 0x2315b287760 of 66 bytes failed: Only part of a ReadProcessMemory or WriteProcessMemory request was completed. (0x12B)
[0710/021938.677:ERROR:process_memory_win.cc(73)] ReadMemory at 0x2315b2878f0 of 62 bytes failed: Only part of a ReadProcessMemory or WriteProcessMemory request was completed. (0x12B)
[0710/021938.677:ERROR:process_memory_win.cc(73)] ReadMemory at 0x2315b287940 of 62 bytes failed: Only part of a ReadProcessMemory or WriteProcessMemory request was completed. (0x12B)
[0710/021938.678:ERROR:process_memory_win.cc(73)] ReadMemory at 0x2315b2879e0 of 62 bytes failed: Only part of a ReadProcessMemory or WriteProcessMemory request was completed. (0x12B)
[0710/021938.678:ERROR:process_memory_win.cc(73)] ReadMemory at 0x2315b287ad0 of 62 bytes failed: Only part of a ReadProcessMemory or WriteProcessMemory request was completed. (0x12B)
[0710/021938.678:ERROR:process_memory_win.cc(73)] ReadMemory at 0x2315b287df0 of 132 bytes failed: Only part of a ReadProcessMemory or WriteProcessMemory request was completed. (0x12B)
[0710/021938.678:ERROR:process_memory_win.cc(73)] ReadMemory at 0x2315b288180 of 132 bytes failed: Only part of a ReadProcessMemory or WriteProcessMemory request was completed. (0x12B)
[0710/021938.678:ERROR:process_memory_win.cc(73)] ReadMemory at 0x2315b288510 of 132 bytes failed: Only part of a ReadProcessMemory or WriteProcessMemory request was completed. (0x12B)
[0710/021938.678:ERROR:process_memory_win.cc(73)] ReadMemory at 0x2315b288640 of 132 bytes failed: Only part of a ReadProcessMemory or WriteProcessMemory request was completed. (0x12B)
[0710/021938.678:ERROR:process_memory_win.cc(73)] ReadMemory at 0x2315b288770 of 132 bytes failed: Only part of a ReadProcessMemory or WriteProcessMemory request was completed. (0x12B)
[0710/021938.678:ERROR:process_memory_win.cc(73)] ReadMemory at 0x2315b2888a0 of 132 bytes failed: Only part of a ReadProcessMemory or WriteProcessMemory request was completed. (0x12B)
[0710/021938.678:ERROR:process_memory_win.cc(73)] ReadMemory at 0x2315b288b00 of 132 bytes failed: Only part of a ReadProcessMemory or WriteProcessMemory request was completed. (0x12B)
[0710/021938.678:ERROR:process_memory_win.cc(73)] ReadMemory at 0x2315b2890f0 of 132 bytes failed: Only part of a ReadProcessMemory or WriteProcessMemory request was completed. (0x12B)
[0710/021938.678:ERROR:process_memory_win.cc(73)] ReadMemory at 0x2315b2895b0 of 132 bytes failed: Only part of a ReadProcessMemory or WriteProcessMemory request was completed. (0x12B)
[0710/021938.678:ERROR:process_memory_win.cc(73)] ReadMemory at 0x2315b289940 of 132 bytes failed: Only part of a ReadProcessMemory or WriteProcessMemory request was completed. (0x12B)
[0710/021938.678:ERROR:process_memory_win.cc(73)] ReadMemory at 0x2315b29fc30 of 512 bytes failed: Only part of a ReadProcessMemory or WriteProcessMemory request was completed. (0x12B)
[0710/021938.678:ERROR:process_memory_win.cc(73)] ReadMemory at 0x2315b2a09e0 of 512 bytes failed: Only part of a ReadProcessMemory or WriteProcessMemory request was completed. (0x12B)
[0710/021938.678:ERROR:process_memory_win.cc(73)] ReadMemory at 0x2315b2c8f60 of 512 bytes failed: Only part of a ReadProcessMemory or WriteProcessMemory request was completed. (0x12B)
[0710/021938.679:ERROR:process_memory_win.cc(73)] ReadMemory at 0x2315b2c92e0 of 512 bytes failed: Only part of a ReadProcessMemory or WriteProcessMemory request was completed. (0x12B)
[0710/021938.679:ERROR:process_memory_win.cc(73)] ReadMemory at 0x2315b8b2680 of 512 bytes failed: Only part of a ReadProcessMemory or WriteProcessMemory request was completed. (0x12B)
[0710/021938.679:ERROR:process_memory_win.cc(73)] ReadMemory at 0x2315b950000 of 384 bytes failed: Only part of a ReadProcessMemory or WriteProcessMemory request was completed. (0x12B)
[0710/021938.679:ERROR:process_memory_win.cc(73)] ReadMemory at 0x2315ba20000 of 384 bytes failed: Only part of a ReadProcessMemory or WriteProcessMemory request was completed. (0x12B)
[0710/021938.679:ERROR:process_memory_win.cc(73)] ReadMemory at 0x2315ba60fa0 of 512 bytes failed: Only part of a ReadProcessMemory or WriteProcessMemory request was completed. (0x12B)
[0710/021938.679:ERROR:process_memory_win.cc(73)] ReadMemory at 0x2315ba72390 of 512 bytes failed: Only part of a ReadProcessMemory or WriteProcessMemory request was completed. (0x12B)
[0710/021938.679:ERROR:process_memory_win.cc(73)] ReadMemory at 0x2315ba7f390 of 712 bytes failed: Only part of a ReadProcessMemory or WriteProcessMemory request was completed. (0x12B)
[0710/021938.679:ERROR:process_memory_win.cc(73)] ReadMemory at 0x2315d075fb0 of 512 bytes failed: Only part of a ReadProcessMemory or WriteProcessMemory request was completed. (0x12B)
[0710/021938.679:ERROR:process_memory_win.cc(73)] ReadMemory at 0x2315d077600 of 512 bytes failed: Only part of a ReadProcessMemory or WriteProcessMemory request was completed. (0x12B)
[0710/021938.679:ERROR:process_memory_win.cc(73)] ReadMemory at 0x2315d0d0880 of 512 bytes failed: Only part of a ReadProcessMemory or WriteProcessMemory request was completed. (0x12B)
[0710/021938.679:ERROR:process_memory_win.cc(73)] ReadMemory at 0x2315d735fe8 of 512 bytes failed: Only part of a ReadProcessMemory or WriteProcessMemory request was completed. (0x12B)
[0710/021938.679:ERROR:process_memory_win.cc(73)] ReadMemory at 0x23160e841f0 of 584 bytes failed: Only part of a ReadProcessMemory or WriteProcessMemory request was completed. (0x12B)
[0710/021938.679:ERROR:process_memory_win.cc(73)] ReadMemory at 0x23161f30e40 of 512 bytes failed: Only part of a ReadProcessMemory or WriteProcessMemory request was completed. (0x12B)
[0710/021938.679:ERROR:process_memory_win.cc(73)] ReadMemory at 0x23168d67700 of 656 bytes failed: Only part of a ReadProcessMemory or WriteProcessMemory request was completed. (0x12B)
[0710/021938.679:ERROR:process_memory_win.cc(73)] ReadMemory at 0x23169169450 of 512 bytes failed: Only part of a ReadProcessMemory or WriteProcessMemory request was completed. (0x12B)
[0710/021938.679:ERROR:process_memory_win.cc(73)] ReadMemory at 0x23171854600 of 512 bytes failed: Only part of a ReadProcessMemory or WriteProcessMemory request was completed. (0x12B)
[0710/021938.679:ERROR:process_memory_win.cc(73)] ReadMemory at 0x23173b28605 of 512 bytes failed: Only part of a ReadProcessMemory or WriteProcessMemory request was completed. (0x12B)
[0710/021938.679:ERROR:process_memory_win.cc(73)] ReadMemory at 0x53590b4f23e1 of 512 bytes failed: Only part of a ReadProcessMemory or WriteProcessMemory request was completed. (0x12B)
[0710/021938.679:ERROR:process_memory_win.cc(73)] ReadMemory at 0x7ffbb36bf032 of 512 bytes failed: Only part of a ReadProcessMemory or WriteProcessMemory request was completed. (0x12B)
[0710/021938.679:ERROR:process_memory_win.cc(73)] ReadMemory at 0x7ffbb829baf0 of 512 bytes failed: Only part of a ReadProcessMemory or WriteProcessMemory request was completed. (0x12B)
[0710/021938.680:ERROR:process_memory_win.cc(73)] ReadMemory at 0x7ffbb889cd68 of 512 bytes failed: Only part of a ReadProcessMemory or WriteProcessMemory request was completed. (0x12B)
[0710/021938.680:ERROR:process_memory_win.cc(73)] ReadMemory at 0x7ffc131c79a5 of 512 bytes failed: Only part of a ReadProcessMemory or WriteProcessMemory request was completed. (0x12B)
[0710/021938.680:ERROR:process_memory_win.cc(73)] ReadMemory at 0x7ffc131c8180 of 512 bytes failed: Only part of a ReadProcessMemory or WriteProcessMemory request was completed. (0x12B)
[0710/021938.680:ERROR:process_memory_win.cc(73)] ReadMemory at 0x7ffc3ea20000 of 384 bytes failed: Only part of a ReadProcessMemory or WriteProcessMemory request was completed. (0x12B)
[0710/021938.680:ERROR:process_memory_win.cc(73)] ReadMemory at 0x7ffc3eabc074 of 672 bytes failed: Only part of a ReadProcessMemory or WriteProcessMemory request was completed. (0x12B)
[0710/021938.680:ERROR:process_memory_win.cc(73)] ReadMemory at 0x7ffc3eabf924 of 608 bytes failed: Only part of a ReadProcessMemory or WriteProcessMemory request was completed. (0x12B)
[0710/021938.680:ERROR:process_memory_win.cc(73)] ReadMemory at 0x7ffc3eb4c428 of 18 bytes failed: Only part of a ReadProcessMemory or WriteProcessMemory request was completed. (0x12B)
[0710/021938.680:ERROR:process_memory_win.cc(73)] ReadMemory at 0x7ffc3eb7f4f8 of 40 bytes failed: Only part of a ReadProcessMemory or WriteProcessMemory request was completed. (0x12B)
[0710/021938.680:ERROR:process_memory_win.cc(73)] ReadMemory at 0x7ffc3eb7f978 of 48 bytes failed: Only part of a ReadProcessMemory or WriteProcessMemory request was completed. (0x12B)
[0710/021938.680:ERROR:process_memory_win.cc(73)] ReadMemory at 0x7ffc3eb853c0 of 64 bytes failed: Only part of a ReadProcessMemory or WriteProcessMemory request was completed. (0x12B)
[0710/021938.848:ERROR:scoped_process_suspend.cc(40)] NtResumeProcess: An attempt was made to access an exiting process. (0xc000010a)
[0723/021650.861:ERROR:process_info.cc(98)] ReadProcessMemory UNICODE_STRING: Only part of a ReadProcessMemory or WriteProcessMemory request was completed. (0x12B)
